<?xml version="1.0" encoding="UTF-8"?>
<!-- Generated by org.testng.reporters.JUnitXMLReporter -->
<testsuite ignored="0" hostname="Laptop-7" failures="0" tests="2" name="Test" time="45.551" errors="0" timestamp="2026-09-16T12:21:52 IST">
  <testcase classname="Login_Testcase_class.Verify_user_is_able_to_login_sucessfully" name="LoginToRippleEffectsSuperAdmin" time="8.058"/>
  <testcase classname="superAdmin_Testcases_class.TC_01_Verify_user_is_able_to_create_a_district" name="districtCreation" time="26.451"/>
</testsuite> <!-- Test -->
